C:\Program Files (x86)\Microsoft Visual Studio\2019\Professional\MSBuild\Microsoft\VC\v160\Microsoft.CppBuild.targets(491,5): warning MSB8028: промежуточный каталог (Debug\) содержит файлы, которые используются совместно с другим проектом (Pattern.vcxproj).  Это может привести к ошибкам очистки и перестроения.
  pch.cpp
  Admin.cpp
  Client.cpp
  Expert.cpp
  Object.cpp
D:\БГУИР\Милько\SerializableEntities\Object.cpp(76,10): warning C4244: =: преобразование "const double" в "int", возможна потеря данных
  User.cpp
  AddProduct.cpp
  AddUser.cpp
  Authorization.cpp
  ClientConnectionModule.cpp
  CourceWorkApp.cpp
  ExpertChoice.cpp
  ExpertMethod.cpp
D:\БГУИР\Милько\Client\ExpertMethod.cpp(118,6): warning C4101: index: неиспользованная локальная переменная
  Formatter.cpp
D:\БГУИР\Милько\Client\Formatter.cpp(26,19): warning C4309: =: усечение константного значения
D:\БГУИР\Милько\Client\Formatter.cpp(27,19): warning C4309: =: усечение константного значения
D:\БГУИР\Милько\Client\Formatter.cpp(28,19): warning C4309: =: усечение константного значения
D:\БГУИР\Милько\Client\Formatter.cpp(29,19): warning C4309: =: усечение константного значения
D:\БГУИР\Милько\Client\Formatter.cpp(30,19): warning C4309: =: усечение константного значения
D:\БГУИР\Милько\Client\Formatter.cpp(31,19): warning C4309: =: усечение константного значения
D:\БГУИР\Милько\Client\Formatter.cpp(32,19): warning C4309: =: усечение константного значения
D:\БГУИР\Милько\Client\Formatter.cpp(33,19): warning C4309: =: усечение константного значения
D:\БГУИР\Милько\Client\Formatter.cpp(34,19): warning C4309: =: усечение константного значения
D:\БГУИР\Милько\Client\Formatter.cpp(35,19): warning C4309: =: усечение константного значения
D:\БГУИР\Милько\Client\Formatter.cpp(36,19): warning C4309: =: усечение константного значения
D:\БГУИР\Милько\Client\Formatter.cpp(37,19): warning C4309: =: усечение константного значения
D:\БГУИР\Милько\Client\Formatter.cpp(38,19): warning C4309: =: усечение константного значения
D:\БГУИР\Милько\Client\Formatter.cpp(39,19): warning C4309: =: усечение константного значения
D:\БГУИР\Милько\Client\Formatter.cpp(40,19): warning C4309: =: усечение константного значения
D:\БГУИР\Милько\Client\Formatter.cpp(41,19): warning C4309: =: усечение константного значения
D:\БГУИР\Милько\Client\Formatter.cpp(42,19): warning C4309: =: усечение константного значения
D:\БГУИР\Милько\Client\Formatter.cpp(43,19): warning C4309: =: усечение константного значения
D:\БГУИР\Милько\Client\Formatter.cpp(44,19): warning C4309: =: усечение константного значения
D:\БГУИР\Милько\Client\Formatter.cpp(45,19): warning C4309: =: усечение константного значения
D:\БГУИР\Милько\Client\Formatter.cpp(46,19): warning C4309: =: усечение константного значения
D:\БГУИР\Милько\Client\Formatter.cpp(47,19): warning C4309: =: усечение константного значения
D:\БГУИР\Милько\Client\Formatter.cpp(48,19): warning C4309: =: усечение константного значения
D:\БГУИР\Милько\Client\Formatter.cpp(49,19): warning C4309: =: усечение константного значения
D:\БГУИР\Милько\Client\Formatter.cpp(50,19): warning C4309: =: усечение константного значения
D:\БГУИР\Милько\Client\Formatter.cpp(51,19): warning C4309: =: усечение константного значения
D:\БГУИР\Милько\Client\Formatter.cpp(52,19): warning C4309: =: усечение константного значения
D:\БГУИР\Милько\Client\Formatter.cpp(53,19): warning C4309: =: усечение константного значения
D:\БГУИР\Милько\Client\Formatter.cpp(54,19): warning C4309: =: усечение константного значения
D:\БГУИР\Милько\Client\Formatter.cpp(55,19): warning C4309: =: усечение константного значения
D:\БГУИР\Милько\Client\Formatter.cpp(56,19): warning C4309: =: усечение константного значения
D:\БГУИР\Милько\Client\Formatter.cpp(57,19): warning C4309: =: усечение константного значения
D:\БГУИР\Милько\Client\Formatter.cpp(58,19): warning C4309: =: усечение константного значения
D:\БГУИР\Милько\Client\Formatter.cpp(59,19): warning C4309: =: усечение константного значения
D:\БГУИР\Милько\Client\Formatter.cpp(60,19): warning C4309: =: усечение константного значения
D:\БГУИР\Милько\Client\Formatter.cpp(61,19): warning C4309: =: усечение константного значения
D:\БГУИР\Милько\Client\Formatter.cpp(62,19): warning C4309: =: усечение константного значения
D:\БГУИР\Милько\Client\Formatter.cpp(63,19): warning C4309: =: усечение константного значения
D:\БГУИР\Милько\Client\Formatter.cpp(64,19): warning C4309: =: усечение константного значения
D:\БГУИР\Милько\Client\Formatter.cpp(65,19): warning C4309: =: усечение константного значения
D:\БГУИР\Милько\Client\Formatter.cpp(66,19): warning C4309: =: усечение константного значения
D:\БГУИР\Милько\Client\Formatter.cpp(67,19): warning C4309: =: усечение константного значения
D:\БГУИР\Милько\Client\Formatter.cpp(68,19): warning C4309: =: усечение константного значения
D:\БГУИР\Милько\Client\Formatter.cpp(69,19): warning C4309: =: усечение константного значения
D:\БГУИР\Милько\Client\Formatter.cpp(70,19): warning C4309: =: усечение константного значения
D:\БГУИР\Милько\Client\Formatter.cpp(71,19): warning C4309: =: усечение константного значения
D:\БГУИР\Милько\Client\Formatter.cpp(72,19): warning C4309: =: усечение константного значения
D:\БГУИР\Милько\Client\Formatter.cpp(73,19): warning C4309: =: усечение константного значения
D:\БГУИР\Милько\Client\Formatter.cpp(74,19): warning C4309: =: усечение константного значения
D:\БГУИР\Милько\Client\Formatter.cpp(75,19): warning C4309: =: усечение константного значения
D:\БГУИР\Милько\Client\Formatter.cpp(76,19): warning C4309: =: усечение константного значения
D:\БГУИР\Милько\Client\Formatter.cpp(77,19): warning C4309: =: усечение константного значения
D:\БГУИР\Милько\Client\Formatter.cpp(78,19): warning C4309: =: усечение константного значения
D:\БГУИР\Милько\Client\Formatter.cpp(79,19): warning C4309: =: усечение константного значения
D:\БГУИР\Милько\Client\Formatter.cpp(80,19): warning C4309: =: усечение константного значения
D:\БГУИР\Милько\Client\Formatter.cpp(81,19): warning C4309: =: усечение константного значения
D:\БГУИР\Милько\Client\Formatter.cpp(82,19): warning C4309: =: усечение константного значения
D:\БГУИР\Милько\Client\Formatter.cpp(83,19): warning C4309: =: усечение константного значения
D:\БГУИР\Милько\Client\Formatter.cpp(84,19): warning C4309: =: усечение константного значения
D:\БГУИР\Милько\Client\Formatter.cpp(85,19): warning C4309: =: усечение константного значения
D:\БГУИР\Милько\Client\Formatter.cpp(86,19): warning C4309: =: усечение константного значения
D:\БГУИР\Милько\Client\Formatter.cpp(87,19): warning C4309: =: усечение константного значения
D:\БГУИР\Милько\Client\Formatter.cpp(88,19): warning C4309: =: усечение константного значения
D:\БГУИР\Милько\Client\Formatter.cpp(89,19): warning C4309: =: усечение константного значения
D:\БГУИР\Милько\Client\Formatter.cpp(103,20): warning C4018: <: несоответствие типов со знаком и без знака
  Menu.cpp
D:\БГУИР\Милько\Client\Menu.cpp(381,56): warning C4244: аргумент: преобразование "const double" в "int", возможна потеря данных
  ProductControl.cpp
  Registration.cpp
  UserControl.cpp
  Создание кода...
D:\БГУИР\Милько\SerializableEntities\Object.cpp(81): warning C4172: возвращение адреса локальной или временной переменной
     Создается библиотека D:\БГУИР\Милько\Client\Debug\Client.lib и объект D:\БГУИР\Милько\Client\Debug\Client.exp
  Pattern.vcxproj -> D:\БГУИР\Милько\Client\Debug\Client.exe
